\BOOKMARK [1][-]{section.1}{\376\377\0001\000\040\000I\000n\000t\000r\000o\000d\000u\000c\000t\000i\000o\000n}{}% 1
\BOOKMARK [1][-]{section.2}{\376\377\0002\000\040\000S\000i\000m\000u\000l\000a\000t\000i\000o\000n\000\040\000f\000r\000a\000m\000e\000w\000o\000r\000k}{}% 2
\BOOKMARK [1][-]{section.3}{\376\377\0003\000\040\000G\000e\000o\000m\000e\000t\000r\000i\000e\000s}{}% 3
\BOOKMARK [2][-]{subsection.3.1}{\376\377\0003\000.\0001\000\040\000C\000o\000o\000r\000d\000i\000n\000a\000t\000e\000\040\000s\000y\000s\000t\000e\000m}{section.3}% 4
\BOOKMARK [2][-]{subsection.3.2}{\376\377\0003\000.\0002\000\040\000T\000h\000e\000\040\000C\000D\000R\000\040\000g\000e\000o\000m\000e\000t\000r\000y}{section.3}% 5
\BOOKMARK [2][-]{subsection.3.3}{\376\377\0003\000.\0003\000\040\000T\000h\000e\000\040\000s\000p\000i\000r\000a\000l\000s\000\040\000g\000e\000o\000m\000e\000t\000r\000y}{section.3}% 6
\BOOKMARK [2][-]{subsection.3.4}{\376\377\0003\000.\0004\000\040\000T\000h\000e\000\040\000d\000o\000u\000b\000l\000e\000\137\000s\000p\000i\000r\000a\000l\000s\000\040\000g\000e\000o\000m\000e\000t\000r\000y}{section.3}% 7
\BOOKMARK [2][-]{subsection.3.5}{\376\377\0003\000.\0005\000\040\000T\000h\000e\000\040\000d\000o\000u\000b\000l\000e\000\137\000s\000p\000i\000r\000a\000l\000s\000\137\000v\0002\000\040\000g\000e\000o\000m\000e\000t\000r\000y}{section.3}% 8
\BOOKMARK [1][-]{section.4}{\376\377\0004\000\040\000T\000r\000a\000c\000k\000i\000n\000g\000\040\000P\000e\000r\000f\000o\000r\000m\000a\000n\000c\000e}{}% 9
\BOOKMARK [2][-]{subsection.4.1}{\376\377\0004\000.\0001\000\040\000T\000h\000e\000\040\000s\000p\000i\000r\000a\000l\000s\000\040\000g\000e\000o\000m\000e\000t\000r\000y}{section.4}% 10
\BOOKMARK [2][-]{subsection.4.2}{\376\377\0004\000.\0002\000\040\000T\000h\000e\000\040\000d\000o\000u\000b\000l\000e\000\137\000s\000p\000i\000r\000a\000l\000s\000\040\000g\000e\000o\000m\000e\000t\000r\000y}{section.4}% 11
\BOOKMARK [2][-]{subsection.4.3}{\376\377\0004\000.\0003\000\040\000T\000h\000e\000\040\000d\000o\000u\000b\000l\000e\000\137\000s\000p\000i\000r\000a\000l\000s\000\137\000v\0002\000\040\000g\000e\000o\000m\000e\000t\000r\000y}{section.4}% 12
\BOOKMARK [1][-]{section.5}{\376\377\0005\000\040\000F\000l\000a\000v\000o\000u\000r\000-\000t\000a\000g\000g\000i\000n\000g\000\040\000p\000e\000r\000f\000o\000r\000m\000a\000n\000c\000e}{}% 13
\BOOKMARK [2][-]{subsection.5.1}{\376\377\0005\000.\0001\000\040\000J\000e\000t\000-\000e\000n\000e\000r\000g\000y\000\040\000d\000e\000p\000e\000n\000d\000e\000n\000c\000e}{section.5}% 14
\BOOKMARK [2][-]{subsection.5.2}{\376\377\0005\000.\0002\000\040\000J\000e\000t\000-\000a\000n\000g\000l\000e\000\040\000d\000e\000p\000e\000n\000d\000e\000n\000c\000e}{section.5}% 15
\BOOKMARK [2][-]{subsection.5.3}{\376\377\0005\000.\0003\000\040\000C\000o\000m\000p\000a\000r\000i\000s\000o\000n\000\040\000o\000f\000\040\000d\000i\000f\000f\000e\000r\000e\000n\000t\000\040\000l\000a\000y\000o\000u\000t\000s}{section.5}% 16
\BOOKMARK [3][-]{subsubsection.5.3.1}{\376\377\0005\000.\0003\000.\0001\000\040\000s\000p\000i\000r\000a\000l\000s\000\040\000a\000n\000d\000\040\000C\000D\000R}{subsection.5.3}% 17
\BOOKMARK [3][-]{subsubsection.5.3.2}{\376\377\0005\000.\0003\000.\0002\000\040\000d\000o\000u\000b\000l\000e\000\137\000s\000p\000i\000r\000a\000l\000s\000\040\000a\000n\000d\000\040\000s\000p\000i\000r\000a\000l\000s}{subsection.5.3}% 18
\BOOKMARK [3][-]{subsubsection.5.3.3}{\376\377\0005\000.\0003\000.\0003\000\040\000d\000o\000u\000b\000l\000e\000\137\000s\000p\000i\000r\000a\000l\000s\000\040\000a\000n\000d\000\040\000C\000D\000R}{subsection.5.3}% 19
\BOOKMARK [2][-]{subsection.5.4}{\376\377\0005\000.\0004\000\040\000I\000m\000p\000a\000c\000t\000\040\000o\000f\000\040\000t\000h\000e\000\040\000m\000a\000t\000e\000r\000i\000a\000l\000\040\000b\000u\000d\000g\000e\000t}{section.5}% 20
\BOOKMARK [1][-]{section.6}{\376\377\0006\000\040\000E\000f\000f\000e\000c\000t\000\040\000o\000f\000\040\000t\000h\000e\000\040\000f\000l\000a\000v\000o\000u\000r\000-\000t\000a\000g\000g\000i\000n\000g\000\040\000p\000e\000r\000f\000o\000r\000m\000a\000n\000c\000e\000\040\000o\000n\000\040\000t\000h\000e\000\040\000H\000b\000a\000r\000\040\000a\000n\000a\000l\000y\000s\000i\000s}{}% 21
\BOOKMARK [1][-]{section.7}{\376\377\0007\000\040\000C\000o\000n\000c\000l\000u\000s\000i\000o\000n\000s}{}% 22
\BOOKMARK [1][-]{section.8}{\376\377\0008\000\040\000A\000c\000k\000n\000o\000w\000l\000e\000d\000g\000e\000m\000e\000n\000t\000s}{}% 23
\BOOKMARK [1][-]{appendix.A}{\376\377\000A\000\040\000F\000l\000a\000v\000o\000u\000r\000\040\000t\000a\000g\000g\000i\000n\000g\000\040\000a\000n\000d\000\040\000j\000e\000t\000-\000a\000n\000g\000l\000e\000\040\000d\000e\000p\000e\000n\000d\000e\000n\000c\000e\000\040\000f\000o\000r\000\040\000t\000h\000e\000\040\000C\000D\000R\000\040\000g\000e\000o\000m\000e\000t\000r\000y}{}% 24
\BOOKMARK [2][-]{subsection.A.1}{\376\377\000A\000.\0001\000\040\000J\000e\000t\000s\000\040\000i\000n\000\040\000d\000i\000j\000e\000t\000\040\000e\000v\000e\000n\000t\000s\000\040\000a\000t\000\040\000s\000=\0001\0000\0000\0000\000\040\000G\000e\000V}{appendix.A}% 25
\BOOKMARK [2][-]{subsection.A.2}{\376\377\000A\000.\0002\000\040\000J\000e\000t\000s\000\040\000i\000n\000\040\000d\000i\000j\000e\000t\000\040\000e\000v\000e\000n\000t\000s\000\040\000a\000t\000\040\000s\000=\0005\0000\0000\000\040\000G\000e\000V}{appendix.A}% 26
\BOOKMARK [2][-]{subsection.A.3}{\376\377\000A\000.\0003\000\040\000J\000e\000t\000s\000\040\000i\000n\000\040\000d\000i\000j\000e\000t\000\040\000e\000v\000e\000n\000t\000s\000\040\000a\000t\000\040\000s\000=\0002\0000\0000\000\040\000G\000e\000V}{appendix.A}% 27
\BOOKMARK [2][-]{subsection.A.4}{\376\377\000A\000.\0004\000\040\000J\000e\000t\000s\000\040\000i\000n\000\040\000d\000i\000j\000e\000t\000\040\000e\000v\000e\000n\000t\000s\000\040\000a\000t\000\040\000s\000=\0009\0001\000\040\000G\000e\000V}{appendix.A}% 28
\BOOKMARK [1][-]{appendix.B}{\376\377\000B\000\040\000F\000l\000a\000v\000o\000u\000r\000\040\000t\000a\000g\000g\000i\000n\000g\000\040\000a\000n\000d\000\040\000j\000e\000t\000-\000a\000n\000g\000l\000e\000\040\000d\000e\000p\000e\000n\000d\000e\000n\000c\000e\000\040\000f\000o\000r\000\040\000t\000h\000e\000\040\000s\000p\000i\000r\000a\000l\000s\000\040\000g\000e\000o\000m\000e\000t\000r\000y}{}% 29
\BOOKMARK [2][-]{subsection.B.1}{\376\377\000B\000.\0001\000\040\000J\000e\000t\000s\000\040\000i\000n\000\040\000d\000i\000j\000e\000t\000\040\000e\000v\000e\000n\000t\000s\000\040\000a\000t\000\040\000s\000=\0001\0000\0000\0000\000\040\000G\000e\000V}{appendix.B}% 30
\BOOKMARK [2][-]{subsection.B.2}{\376\377\000B\000.\0002\000\040\000J\000e\000t\000s\000\040\000i\000n\000\040\000d\000i\000j\000e\000t\000\040\000e\000v\000e\000n\000t\000s\000\040\000a\000t\000\040\000s\000=\0005\0000\0000\000\040\000G\000e\000V}{appendix.B}% 31
\BOOKMARK [2][-]{subsection.B.3}{\376\377\000B\000.\0003\000\040\000J\000e\000t\000s\000\040\000i\000n\000\040\000d\000i\000j\000e\000t\000\040\000e\000v\000e\000n\000t\000s\000\040\000a\000t\000\040\000s\000=\0002\0000\0000\000\040\000G\000e\000V}{appendix.B}% 32
\BOOKMARK [2][-]{subsection.B.4}{\376\377\000B\000.\0004\000\040\000J\000e\000t\000s\000\040\000i\000n\000\040\000d\000i\000j\000e\000t\000\040\000e\000v\000e\000n\000t\000s\000\040\000a\000t\000\040\000s\000=\0009\0001\000\040\000G\000e\000V}{appendix.B}% 33
\BOOKMARK [1][-]{appendix.C}{\376\377\000C\000\040\000F\000l\000a\000v\000o\000u\000r\000\040\000t\000a\000g\000g\000i\000n\000g\000\040\000a\000n\000d\000\040\000j\000e\000t\000-\000a\000n\000g\000l\000e\000\040\000d\000e\000p\000e\000n\000d\000e\000n\000c\000e\000\040\000f\000o\000r\000\040\000t\000h\000e\000\040\000d\000o\000u\000b\000l\000e\000\137\000s\000p\000i\000r\000a\000l\000s\000\040\000g\000e\000o\000m\000e\000t\000r\000y}{}% 34
\BOOKMARK [2][-]{subsection.C.1}{\376\377\000C\000.\0001\000\040\000J\000e\000t\000s\000\040\000i\000n\000\040\000d\000i\000j\000e\000t\000\040\000e\000v\000e\000n\000t\000s\000\040\000a\000t\000\040\000s\000=\0001\0000\0000\0000\000\040\000G\000e\000V}{appendix.C}% 35
\BOOKMARK [2][-]{subsection.C.2}{\376\377\000C\000.\0002\000\040\000J\000e\000t\000s\000\040\000i\000n\000\040\000d\000i\000j\000e\000t\000\040\000e\000v\000e\000n\000t\000s\000\040\000a\000t\000\040\000s\000=\0005\0000\0000\000\040\000G\000e\000V}{appendix.C}% 36
\BOOKMARK [2][-]{subsection.C.3}{\376\377\000C\000.\0003\000\040\000J\000e\000t\000s\000\040\000i\000n\000\040\000d\000i\000j\000e\000t\000\040\000e\000v\000e\000n\000t\000s\000\040\000a\000t\000\040\000s\000=\0002\0000\0000\000\040\000G\000e\000V}{appendix.C}% 37
\BOOKMARK [2][-]{subsection.C.4}{\376\377\000C\000.\0004\000\040\000J\000e\000t\000s\000\040\000i\000n\000\040\000d\000i\000j\000e\000t\000\040\000e\000v\000e\000n\000t\000s\000\040\000a\000t\000\040\000s\000=\0009\0001\000\040\000G\000e\000V}{appendix.C}% 38
\BOOKMARK [1][-]{appendix.D}{\376\377\000D\000\040\000s\000p\000i\000r\000a\000l\000s\000\040\000v\000s\000.\000\040\000C\000D\000R}{}% 39
\BOOKMARK [2][-]{subsection.D.1}{\376\377\000D\000.\0001\000\040\000J\000e\000t\000s\000\040\000i\000n\000\040\000d\000i\000j\000e\000t\000\040\000e\000v\000e\000n\000t\000s\000\040\000a\000t\000\040\000s\000=\0001\0000\0000\0000\000\040\000G\000e\000V}{appendix.D}% 40
\BOOKMARK [2][-]{subsection.D.2}{\376\377\000D\000.\0002\000\040\000J\000e\000t\000s\000\040\000i\000n\000\040\000d\000i\000j\000e\000t\000\040\000e\000v\000e\000n\000t\000s\000\040\000a\000t\000\040\000s\000=\0005\0000\0000\000\040\000G\000e\000V}{appendix.D}% 41
\BOOKMARK [2][-]{subsection.D.3}{\376\377\000D\000.\0003\000\040\000J\000e\000t\000s\000\040\000i\000n\000\040\000d\000i\000j\000e\000t\000\040\000e\000v\000e\000n\000t\000s\000\040\000a\000t\000\040\000s\000=\0002\0000\0000\000\040\000G\000e\000V}{appendix.D}% 42
\BOOKMARK [2][-]{subsection.D.4}{\376\377\000D\000.\0004\000\040\000J\000e\000t\000s\000\040\000i\000n\000\040\000d\000i\000j\000e\000t\000\040\000e\000v\000e\000n\000t\000s\000\040\000a\000t\000\040\000s\000=\0009\0001\000\040\000G\000e\000V}{appendix.D}% 43
\BOOKMARK [1][-]{appendix.E}{\376\377\000E\000\040\000d\000o\000u\000b\000l\000e\000\137\000s\000p\000i\000r\000a\000l\000s\000\040\000v\000s\000.\000\040\000C\000D\000R}{}% 44
\BOOKMARK [2][-]{subsection.E.1}{\376\377\000E\000.\0001\000\040\000J\000e\000t\000s\000\040\000i\000n\000\040\000d\000i\000j\000e\000t\000\040\000e\000v\000e\000n\000t\000s\000\040\000a\000t\000\040\000s\000=\0001\0000\0000\0000\000\040\000G\000e\000V}{appendix.E}% 45
\BOOKMARK [2][-]{subsection.E.2}{\376\377\000E\000.\0002\000\040\000J\000e\000t\000s\000\040\000i\000n\000\040\000d\000i\000j\000e\000t\000\040\000e\000v\000e\000n\000t\000s\000\040\000a\000t\000\040\000s\000=\0005\0000\0000\000\040\000G\000e\000V}{appendix.E}% 46
\BOOKMARK [2][-]{subsection.E.3}{\376\377\000E\000.\0003\000\040\000J\000e\000t\000s\000\040\000i\000n\000\040\000d\000i\000j\000e\000t\000\040\000e\000v\000e\000n\000t\000s\000\040\000a\000t\000\040\000s\000=\0002\0000\0000\000\040\000G\000e\000V}{appendix.E}% 47
\BOOKMARK [2][-]{subsection.E.4}{\376\377\000E\000.\0004\000\040\000J\000e\000t\000s\000\040\000i\000n\000\040\000d\000i\000j\000e\000t\000\040\000e\000v\000e\000n\000t\000s\000\040\000a\000t\000\040\000s\000=\0009\0001\000\040\000G\000e\000V}{appendix.E}% 48
\BOOKMARK [1][-]{appendix.F}{\376\377\000F\000\040\000d\000o\000u\000b\000l\000e\000\137\000s\000p\000i\000r\000a\000l\000s\000\040\000v\000s\000.\000\040\000s\000p\000i\000r\000a\000l\000s}{}% 49
\BOOKMARK [2][-]{subsection.F.1}{\376\377\000F\000.\0001\000\040\000J\000e\000t\000s\000\040\000i\000n\000\040\000d\000i\000j\000e\000t\000\040\000e\000v\000e\000n\000t\000s\000\040\000a\000t\000\040\000s\000=\0001\0000\0000\0000\000\040\000G\000e\000V}{appendix.F}% 50
\BOOKMARK [2][-]{subsection.F.2}{\376\377\000F\000.\0002\000\040\000J\000e\000t\000s\000\040\000i\000n\000\040\000d\000i\000j\000e\000t\000\040\000e\000v\000e\000n\000t\000s\000\040\000a\000t\000\040\000s\000=\0005\0000\0000\000\040\000G\000e\000V}{appendix.F}% 51
\BOOKMARK [2][-]{subsection.F.3}{\376\377\000F\000.\0003\000\040\000J\000e\000t\000s\000\040\000i\000n\000\040\000d\000i\000j\000e\000t\000\040\000e\000v\000e\000n\000t\000s\000\040\000a\000t\000\040\000s\000=\0002\0000\0000\000\040\000G\000e\000V}{appendix.F}% 52
\BOOKMARK [2][-]{subsection.F.4}{\376\377\000F\000.\0004\000\040\000J\000e\000t\000s\000\040\000i\000n\000\040\000d\000i\000j\000e\000t\000\040\000e\000v\000e\000n\000t\000s\000\040\000a\000t\000\040\000s\000=\0009\0001\000\040\000G\000e\000V}{appendix.F}% 53
